<?xml version="1.0" encoding="UTF-8"?>
<!-- Generated by org.testng.reporters.JUnitReportReporter -->
<testsuite hostname="Gilberts-MacBook-Pro.local" failures="0" tests="1" name="com.company.qa.testpages.AmazonTest" time="0.166" errors="0" timestamp="2022-08-28T06:39:13 PDT" skipped="0">
  <testcase classname="com.company.qa.testpages.AmazonTest" name="amazonTitleTest" time="0.166"/>
  <system-out/>
</testsuite> <!-- com.company.qa.testpages.AmazonTest -->
